[ 2023-11-29 15:23:02.345 ] WARN Unable to enumerate family ' "Droid Sans Mono Dotted for Powerline" '
[ 2023-11-29 15:23:02.348 ] WARN Unable to enumerate family ' "Droid Sans Mono Slashed for Powerline" '
[ 2023-11-29 15:23:02.519 ] WARN Unable to enumerate family ' "Roboto Mono Medium for Powerline" '
[ 2023-11-29 15:23:03.527 ] WARN Unable to enumerate family ' "Ubuntu Mono derivative Powerline" '
[ 2023-11-29 15:23:04.815 ] DEBUG tcp server start listen at [ 29989 ]
[ 2023-11-29 15:23:57.044 ] DEBUG ???，??????? "G:/screenCapture/2023.11.29-15.23"
[ 2023-11-29 15:23:57.050 ] DEBUG set up ffpmeg with storePath:[ "G:/screenCapture/2023.11.29-15.23" ] srcWidth:[ 2430 ] srcHeight:[ 1526 ] fps:[ 25 ] bitRate:[ 4 ]
[ 2023-11-29 15:28:17.029 ] WARN Unable to enumerate family ' "Droid Sans Mono Dotted for Powerline" '
[ 2023-11-29 15:28:17.031 ] WARN Unable to enumerate family ' "Droid Sans Mono Slashed for Powerline" '
[ 2023-11-29 15:28:17.153 ] WARN Unable to enumerate family ' "Roboto Mono Medium for Powerline" '
[ 2023-11-29 15:28:18.067 ] WARN Unable to enumerate family ' "Ubuntu Mono derivative Powerline" '
[ 2023-11-29 15:28:19.119 ] DEBUG tcp server start listen at [ 29989 ]
[ 2023-11-29 15:28:34.363 ] DEBUG ???，??????? "G:/screenCapture/2023.11.29-15.28"
[ 2023-11-29 15:28:34.368 ] DEBUG set up ffpmeg with storePath:[ "G:/screenCapture/2023.11.29-15.28" ] srcWidth:[ 3840 ] srcHeight:[ 2160 ] fps:[ 25 ] bitRate:[ 4 ]
[ 2023-11-29 15:29:23.441 ] WARN QHotkeyPrivate destroyed with registered shortcuts!
[ 2023-11-29 15:30:31.086 ] WARN Unable to enumerate family ' "Droid Sans Mono Dotted for Powerline" '
[ 2023-11-29 15:30:31.089 ] WARN Unable to enumerate family ' "Droid Sans Mono Slashed for Powerline" '
[ 2023-11-29 15:30:31.219 ] WARN Unable to enumerate family ' "Roboto Mono Medium for Powerline" '
[ 2023-11-29 15:30:32.102 ] WARN Unable to enumerate family ' "Ubuntu Mono derivative Powerline" '
[ 2023-11-29 15:30:33.092 ] DEBUG tcp server start listen at [ 29989 ]
[ 2023-11-29 15:30:49.834 ] DEBUG ???，??????? "G:/screenCapture/2023.11.29-15.30"
[ 2023-11-29 15:30:49.839 ] DEBUG set up ffpmeg with storePath:[ "G:/screenCapture/2023.11.29-15.30" ] srcWidth:[ 2400 ] srcHeight:[ 1640 ] fps:[ 25 ] bitRate:[ 4 ]
[ 2023-11-29 15:31:58.378 ] WARN Unable to enumerate family ' "Droid Sans Mono Dotted for Powerline" '
[ 2023-11-29 15:31:58.381 ] WARN Unable to enumerate family ' "Droid Sans Mono Slashed for Powerline" '
[ 2023-11-29 15:31:58.527 ] WARN Unable to enumerate family ' "Roboto Mono Medium for Powerline" '
[ 2023-11-29 15:31:59.438 ] WARN Unable to enumerate family ' "Ubuntu Mono derivative Powerline" '
[ 2023-11-29 15:32:00.495 ] DEBUG tcp server start listen at [ 29989 ]
[ 2023-11-29 15:32:19.214 ] DEBUG ???，??????? "G:/screenCapture/2023.11.29-15.32"
[ 2023-11-29 15:32:19.218 ] DEBUG set up ffpmeg with storePath:[ "G:/screenCapture/2023.11.29-15.32" ] srcWidth:[ 2216 ] srcHeight:[ 1562 ] fps:[ 25 ] bitRate:[ 4 ]
[ 2023-11-29 15:34:27.585 ] DEBUG ???，??????? "G:/screenCapture/2023.11.29-15.32"
[ 2023-11-29 15:34:27.588 ] DEBUG set up ffpmeg with storePath:[ "G:/screenCapture/2023.11.29-15.32" ] srcWidth:[ 2216 ] srcHeight:[ 1562 ] fps:[ 50 ] bitRate:[ 8 ]
[ 2023-11-29 15:36:52.389 ] WARN Unable to enumerate family ' "Droid Sans Mono Dotted for Powerline" '
[ 2023-11-29 15:36:52.391 ] WARN Unable to enumerate family ' "Droid Sans Mono Slashed for Powerline" '
[ 2023-11-29 15:36:52.523 ] WARN Unable to enumerate family ' "Roboto Mono Medium for Powerline" '
[ 2023-11-29 15:36:53.490 ] WARN Unable to enumerate family ' "Ubuntu Mono derivative Powerline" '
[ 2023-11-29 15:36:54.620 ] DEBUG tcp server start listen at [ 29989 ]
[ 2023-11-29 15:37:43.162 ] WARN Unable to enumerate family ' "Droid Sans Mono Dotted for Powerline" '
[ 2023-11-29 15:37:43.165 ] WARN Unable to enumerate family ' "Droid Sans Mono Slashed for Powerline" '
[ 2023-11-29 15:37:43.288 ] WARN Unable to enumerate family ' "Roboto Mono Medium for Powerline" '
[ 2023-11-29 15:37:44.177 ] WARN Unable to enumerate family ' "Ubuntu Mono derivative Powerline" '
[ 2023-11-29 15:37:45.182 ] DEBUG tcp server start listen at [ 29989 ]
[ 2023-11-29 15:37:56.942 ] DEBUG ???，??????? "G:/screenCapture/2023.11.29-15.37"
[ 2023-11-29 15:37:56.947 ] DEBUG set up ffpmeg with storePath:[ "G:/screenCapture/2023.11.29-15.37" ] srcWidth:[ 3840 ] srcHeight:[ 2160 ] fps:[ 50 ] bitRate:[ 8 ]
[ 2023-11-29 15:39:47.814 ] DEBUG ???，??????? "G:/screenCapture/2023.11.29-15.37"
[ 2023-11-29 15:39:47.817 ] DEBUG set up ffpmeg with storePath:[ "G:/screenCapture/2023.11.29-15.37" ] srcWidth:[ 2244 ] srcHeight:[ 1670 ] fps:[ 50 ] bitRate:[ 8 ]
[ 2023-11-29 15:50:56.677 ] WARN Unable to enumerate family ' "Droid Sans Mono Dotted for Powerline" '
[ 2023-11-29 15:50:56.681 ] WARN Unable to enumerate family ' "Droid Sans Mono Slashed for Powerline" '
[ 2023-11-29 15:50:56.838 ] WARN Unable to enumerate family ' "Roboto Mono Medium for Powerline" '
[ 2023-11-29 15:50:57.722 ] WARN Unable to enumerate family ' "Ubuntu Mono derivative Powerline" '
[ 2023-11-29 15:50:59.910 ] DEBUG tcp server start listen at [ 29989 ]
[ 2023-11-29 15:51:18.827 ] DEBUG ???，??????? "G:/screenCapture/2023.11.29-15.50"
[ 2023-11-29 15:51:18.830 ] DEBUG set up ffpmeg with storePath:[ "G:/screenCapture/2023.11.29-15.50" ] srcWidth:[ 2114 ] srcHeight:[ 1514 ] fps:[ 50 ] bitRate:[ 8 ]
[ 2023-11-29 16:02:49.648 ] WARN Unable to enumerate family ' "Droid Sans Mono Dotted for Powerline" '
[ 2023-11-29 16:02:49.650 ] WARN Unable to enumerate family ' "Droid Sans Mono Slashed for Powerline" '
[ 2023-11-29 16:02:49.801 ] WARN Unable to enumerate family ' "Roboto Mono Medium for Powerline" '
[ 2023-11-29 16:02:50.779 ] WARN Unable to enumerate family ' "Ubuntu Mono derivative Powerline" '
[ 2023-11-29 16:02:51.838 ] DEBUG tcp server start listen at [ 29989 ]
[ 2023-11-29 16:03:14.473 ] WARN Unable to enumerate family ' "Droid Sans Mono Dotted for Powerline" '
[ 2023-11-29 16:03:14.475 ] WARN Unable to enumerate family ' "Droid Sans Mono Slashed for Powerline" '
[ 2023-11-29 16:03:14.630 ] WARN Unable to enumerate family ' "Roboto Mono Medium for Powerline" '
[ 2023-11-29 16:03:15.610 ] WARN Unable to enumerate family ' "Ubuntu Mono derivative Powerline" '
[ 2023-11-29 16:03:16.716 ] DEBUG tcp server start listen at [ 29989 ]
[ 2023-11-29 16:06:12.902 ] WARN Unable to enumerate family ' "Droid Sans Mono Dotted for Powerline" '
[ 2023-11-29 16:06:12.904 ] WARN Unable to enumerate family ' "Droid Sans Mono Slashed for Powerline" '
[ 2023-11-29 16:06:13.059 ] WARN Unable to enumerate family ' "Roboto Mono Medium for Powerline" '
[ 2023-11-29 16:06:13.965 ] WARN Unable to enumerate family ' "Ubuntu Mono derivative Powerline" '
[ 2023-11-29 16:06:14.959 ] DEBUG tcp server start listen at [ 29989 ]
[ 2023-11-29 16:06:36.851 ] WARN Keysequences with multiple shortcuts are not allowed! Only the first shortcut will be used!
[ 2023-11-29 16:07:08.383 ] WARN Keysequences with multiple shortcuts are not allowed! Only the first shortcut will be used!
[ 2023-11-29 16:07:11.261 ] DEBUG ???，??????? "G:/screenCapture/2023.11.29-16.06"
[ 2023-11-29 16:07:11.265 ] DEBUG set up ffpmeg with storePath:[ "G:/screenCapture/2023.11.29-16.06" ] srcWidth:[ 3840 ] srcHeight:[ 2160 ] fps:[ 50 ] bitRate:[ 8 ]
[ 2023-11-29 16:07:58.162 ] WARN Keysequences with multiple shortcuts are not allowed! Only the first shortcut will be used!
[ 2023-11-29 16:07:59.180 ] DEBUG ???，??????? "G:/screenCapture/2023.11.29-16.06"
[ 2023-11-29 16:07:59.183 ] DEBUG set up ffpmeg with storePath:[ "G:/screenCapture/2023.11.29-16.06" ] srcWidth:[ 3840 ] srcHeight:[ 2160 ] fps:[ 50 ] bitRate:[ 8 ]
[ 2023-11-29 16:08:32.790 ] WARN Unable to enumerate family ' "Droid Sans Mono Dotted for Powerline" '
[ 2023-11-29 16:08:32.793 ] WARN Unable to enumerate family ' "Droid Sans Mono Slashed for Powerline" '
[ 2023-11-29 16:08:32.973 ] WARN Unable to enumerate family ' "Roboto Mono Medium for Powerline" '
[ 2023-11-29 16:08:33.985 ] WARN Unable to enumerate family ' "Ubuntu Mono derivative Powerline" '
[ 2023-11-29 16:08:35.153 ] WARN Keysequences with multiple shortcuts are not allowed! Only the first shortcut will be used!
[ 2023-11-29 16:08:35.190 ] DEBUG tcp server start listen at [ 29989 ]
[ 2023-11-29 16:08:35.349 ] WARN Keysequences with multiple shortcuts are not allowed! Only the first shortcut will be used!
[ 2023-11-29 16:09:23.907 ] WARN Unable to enumerate family ' "Droid Sans Mono Dotted for Powerline" '
[ 2023-11-29 16:09:23.909 ] WARN Unable to enumerate family ' "Droid Sans Mono Slashed for Powerline" '
[ 2023-11-29 16:09:24.075 ] WARN Unable to enumerate family ' "Roboto Mono Medium for Powerline" '
[ 2023-11-29 16:09:24.988 ] WARN Unable to enumerate family ' "Ubuntu Mono derivative Powerline" '
[ 2023-11-29 16:09:25.985 ] WARN Keysequences with multiple shortcuts are not allowed! Only the first shortcut will be used!
[ 2023-11-29 16:09:26.019 ] DEBUG tcp server start listen at [ 29989 ]
[ 2023-11-29 16:09:26.176 ] WARN Keysequences with multiple shortcuts are not allowed! Only the first shortcut will be used!
[ 2023-11-29 16:11:22.280 ] WARN Unable to enumerate family ' "Droid Sans Mono Dotted for Powerline" '
[ 2023-11-29 16:11:22.283 ] WARN Unable to enumerate family ' "Droid Sans Mono Slashed for Powerline" '
[ 2023-11-29 16:11:22.430 ] WARN Unable to enumerate family ' "Roboto Mono Medium for Powerline" '
[ 2023-11-29 16:11:23.392 ] WARN Unable to enumerate family ' "Ubuntu Mono derivative Powerline" '
[ 2023-11-29 16:11:24.455 ] WARN Keysequences with multiple shortcuts are not allowed! Only the first shortcut will be used!
[ 2023-11-29 16:11:24.493 ] DEBUG tcp server start listen at [ 29989 ]
[ 2023-11-29 16:11:24.667 ] WARN Keysequences with multiple shortcuts are not allowed! Only the first shortcut will be used!
[ 2023-11-29 16:11:49.027 ] WARN Unable to enumerate family ' "Droid Sans Mono Dotted for Powerline" '
[ 2023-11-29 16:11:49.028 ] WARN Unable to enumerate family ' "Droid Sans Mono Slashed for Powerline" '
[ 2023-11-29 16:11:49.181 ] WARN Unable to enumerate family ' "Roboto Mono Medium for Powerline" '
[ 2023-11-29 16:11:50.189 ] WARN Unable to enumerate family ' "Ubuntu Mono derivative Powerline" '
[ 2023-11-29 16:11:51.271 ] WARN Keysequences with multiple shortcuts are not allowed! Only the first shortcut will be used!
[ 2023-11-29 16:11:51.313 ] DEBUG tcp server start listen at [ 29989 ]
[ 2023-11-29 16:11:51.492 ] WARN Keysequences with multiple shortcuts are not allowed! Only the first shortcut will be used!
[ 2023-11-29 16:12:14.262 ] WARN Unable to enumerate family ' "Droid Sans Mono Dotted for Powerline" '
[ 2023-11-29 16:12:14.264 ] WARN Unable to enumerate family ' "Droid Sans Mono Slashed for Powerline" '
[ 2023-11-29 16:12:14.414 ] WARN Unable to enumerate family ' "Roboto Mono Medium for Powerline" '
[ 2023-11-29 16:12:15.402 ] WARN Unable to enumerate family ' "Ubuntu Mono derivative Powerline" '
[ 2023-11-29 16:12:16.455 ] WARN Keysequences with multiple shortcuts are not allowed! Only the first shortcut will be used!
[ 2023-11-29 16:12:16.496 ] DEBUG tcp server start listen at [ 29989 ]
[ 2023-11-29 16:12:16.670 ] WARN Failed to register hotkey. Error: ??????????╂?

[ 2023-11-29 16:12:45.817 ] WARN Unable to enumerate family ' "Droid Sans Mono Dotted for Powerline" '
[ 2023-11-29 16:12:45.819 ] WARN Unable to enumerate family ' "Droid Sans Mono Slashed for Powerline" '
[ 2023-11-29 16:12:45.964 ] WARN Unable to enumerate family ' "Roboto Mono Medium for Powerline" '
[ 2023-11-29 16:12:46.916 ] WARN Unable to enumerate family ' "Ubuntu Mono derivative Powerline" '
[ 2023-11-29 16:12:47.900 ] WARN Keysequences with multiple shortcuts are not allowed! Only the first shortcut will be used!
[ 2023-11-29 16:12:47.931 ] DEBUG tcp server start listen at [ 29989 ]
[ 2023-11-29 16:14:12.914 ] WARN Unable to enumerate family ' "Droid Sans Mono Dotted for Powerline" '
[ 2023-11-29 16:14:12.915 ] WARN Unable to enumerate family ' "Droid Sans Mono Slashed for Powerline" '
[ 2023-11-29 16:14:13.066 ] WARN Unable to enumerate family ' "Roboto Mono Medium for Powerline" '
[ 2023-11-29 16:14:13.994 ] WARN Unable to enumerate family ' "Ubuntu Mono derivative Powerline" '
[ 2023-11-29 16:14:15.114 ] WARN Keysequences with multiple shortcuts are not allowed! Only the first shortcut will be used!
[ 2023-11-29 16:14:15.149 ] DEBUG tcp server start listen at [ 29989 ]
[ 2023-11-29 16:14:41.953 ] WARN Unable to enumerate family ' "Droid Sans Mono Dotted for Powerline" '
[ 2023-11-29 16:14:41.955 ] WARN Unable to enumerate family ' "Droid Sans Mono Slashed for Powerline" '
[ 2023-11-29 16:14:42.100 ] WARN Unable to enumerate family ' "Roboto Mono Medium for Powerline" '
[ 2023-11-29 16:14:43.049 ] WARN Unable to enumerate family ' "Ubuntu Mono derivative Powerline" '
[ 2023-11-29 16:14:44.109 ] WARN Keysequences with multiple shortcuts are not allowed! Only the first shortcut will be used!
[ 2023-11-29 16:14:44.146 ] DEBUG tcp server start listen at [ 29989 ]
[ 2023-11-29 16:15:48.233 ] WARN Unable to enumerate family ' "Droid Sans Mono Dotted for Powerline" '
[ 2023-11-29 16:15:48.235 ] WARN Unable to enumerate family ' "Droid Sans Mono Slashed for Powerline" '
[ 2023-11-29 16:15:48.387 ] WARN Unable to enumerate family ' "Roboto Mono Medium for Powerline" '
[ 2023-11-29 16:15:49.334 ] WARN Unable to enumerate family ' "Ubuntu Mono derivative Powerline" '
[ 2023-11-29 16:15:50.339 ] WARN Keysequences with multiple shortcuts are not allowed! Only the first shortcut will be used!
[ 2023-11-29 16:15:50.374 ] DEBUG tcp server start listen at [ 29989 ]
[ 2023-11-29 16:16:31.154 ] DEBUG ???，??????? "G:/screenCapture/2023.11.29-16.15"
[ 2023-11-29 16:16:31.158 ] DEBUG set up ffpmeg with storePath:[ "G:/screenCapture/2023.11.29-16.15" ] srcWidth:[ 1646 ] srcHeight:[ 1068 ] fps:[ 50 ] bitRate:[ 8 ]
[ 2023-11-29 16:20:42.981 ] WARN QHotkeyPrivate destroyed with registered shortcuts!
[ 2023-11-29 16:28:23.311 ] WARN Unable to enumerate family ' "Droid Sans Mono Dotted for Powerline" '
[ 2023-11-29 16:28:23.312 ] WARN Unable to enumerate family ' "Droid Sans Mono Slashed for Powerline" '
[ 2023-11-29 16:28:23.478 ] WARN Unable to enumerate family ' "Roboto Mono Medium for Powerline" '
[ 2023-11-29 16:28:24.417 ] WARN Unable to enumerate family ' "Ubuntu Mono derivative Powerline" '
[ 2023-11-29 16:28:25.512 ] WARN Keysequences with multiple shortcuts are not allowed! Only the first shortcut will be used!
[ 2023-11-29 16:28:25.549 ] DEBUG tcp server start listen at [ 29989 ]
[ 2023-11-29 16:36:00.551 ] DEBUG ???，??????? "G:/screenCapture/2023.11.29-16.28"
[ 2023-11-29 16:36:00.556 ] DEBUG set up ffpmeg with storePath:[ "G:/screenCapture/2023.11.29-16.28" ] srcWidth:[ 1106 ] srcHeight:[ 1066 ] fps:[ 50 ] bitRate:[ 8 ]
[ 2023-11-29 16:39:25.859 ] DEBUG ???，??????? "G:/screenCapture/2023.11.29-16.28"
[ 2023-11-29 16:39:25.862 ] DEBUG set up ffpmeg with storePath:[ "G:/screenCapture/2023.11.29-16.28" ] srcWidth:[ 1106 ] srcHeight:[ 1066 ] fps:[ 50 ] bitRate:[ 8 ]
[ 2023-11-29 16:43:28.232 ] DEBUG ???，??????? "G:/screenCapture/2023.11.29-16.28"
[ 2023-11-29 16:43:28.235 ] DEBUG set up ffpmeg with storePath:[ "G:/screenCapture/2023.11.29-16.28" ] srcWidth:[ 2666 ] srcHeight:[ 1770 ] fps:[ 60 ] bitRate:[ 8 ]
[ 2023-11-29 16:45:19.313 ] WARN QHotkeyPrivate destroyed with registered shortcuts!
[ 2023-11-29 16:50:39.204 ] WARN Unable to enumerate family ' "Droid Sans Mono Dotted for Powerline" '
[ 2023-11-29 16:50:39.207 ] WARN Unable to enumerate family ' "Droid Sans Mono Slashed for Powerline" '
[ 2023-11-29 16:50:39.350 ] WARN Unable to enumerate family ' "Roboto Mono Medium for Powerline" '
[ 2023-11-29 16:50:40.333 ] WARN Unable to enumerate family ' "Ubuntu Mono derivative Powerline" '
[ 2023-11-29 16:50:41.056 ] DEBUG tcp server start listen at [ 29989 ]
[ 2023-11-29 16:52:42.958 ] WARN Unable to enumerate family ' "Droid Sans Mono Dotted for Powerline" '
[ 2023-11-29 16:52:42.961 ] WARN Unable to enumerate family ' "Droid Sans Mono Slashed for Powerline" '
[ 2023-11-29 16:52:43.091 ] WARN Unable to enumerate family ' "Roboto Mono Medium for Powerline" '
[ 2023-11-29 16:52:43.954 ] WARN Unable to enumerate family ' "Ubuntu Mono derivative Powerline" '
[ 2023-11-29 16:52:44.892 ] DEBUG tcp server start listen at [ 29989 ]
[ 2023-11-29 16:56:44.869 ] WARN QHotkeyPrivate destroyed with registered shortcuts!
[ 2023-11-29 17:13:24.009 ] WARN Unable to enumerate family ' "Droid Sans Mono Dotted for Powerline" '
[ 2023-11-29 17:13:24.011 ] WARN Unable to enumerate family ' "Droid Sans Mono Slashed for Powerline" '
[ 2023-11-29 17:13:24.149 ] WARN Unable to enumerate family ' "Roboto Mono Medium for Powerline" '
[ 2023-11-29 17:13:25.056 ] WARN Unable to enumerate family ' "Ubuntu Mono derivative Powerline" '
[ 2023-11-29 17:13:25.771 ] DEBUG tcp server start listen at [ 29989 ]
[ 2023-11-29 17:14:44.289 ] WARN QHotkeyPrivate destroyed with registered shortcuts!
